Build started 11/16/16 07:29:51 PM.
     1>Project "C:\Users\Robin\Documents\Visual Studio 2013\Projects\Word Fix\Word Fix\Word Fix.vcxproj" on node 2 (Build target(s)).
     1>ClCompile:
         C:\Program Files (x86)\Microsoft Visual Studio 14.0\VC\bin\CL.exe /c /ZI /nologo /W3 /WX- /sdl /Od /Oy- /D _MBCS /Gm /EHsc /RTC1 /MDd /GS /fp:precise /Zc:wchar_t /Zc:forScope /Zc:inline /Fo"Debug\\" /Fd"Debug\vc140.pdb" /Gd /TP /analyze- /errorReport:prompt EncryptFactory.cpp FEncrypt.cpp FileFix.cpp FilterMgr.cpp FLowerCase.cpp FUpperCase.cpp InteractiveFix.cpp LCaseFactory.cpp UCaseFactory.cpp WordFix.cpp
         WordFix.cpp
         UCaseFactory.cpp
         LCaseFactory.cpp
         InteractiveFix.cpp
         FUpperCase.cpp
         FLowerCase.cpp
         FilterMgr.cpp
         FileFix.cpp
         FEncrypt.cpp
         EncryptFactory.cpp
         Generating Code...
       Link:
         C:\Program Files (x86)\Microsoft Visual Studio 14.0\VC\bin\link.exe /ERRORREPORT:PROMPT /OUT:"C:\Users\Robin\Documents\Visual Studio 2013\Projects\Word Fix\Debug\Word Fix.exe" /INCREMENTAL /NOLOGO kernel32.lib user32.lib gdi32.lib winspool.lib comdlg32.lib advapi32.lib shell32.lib ole32.lib oleaut32.lib uuid.lib odbc32.lib odbccp32.lib /MANIFEST /MANIFESTUAC:"level='asInvoker' uiAccess='false'" /manifest:embed /Debug /PDB:"C:\Users\Robin\Documents\Visual Studio 2013\Projects\Word Fix\Debug\Word Fix.pdb" /TLBID:1 /DYNAMICBASE /NXCOMPAT /IMPLIB:"C:\Users\Robin\Documents\Visual Studio 2013\Projects\Word Fix\Debug\Word Fix.lib" /MACHINE:X86 Debug\EncryptFactory.obj
         Debug\FEncrypt.obj
         Debug\FileFix.obj
         Debug\FilterMgr.obj
         Debug\FLowerCase.obj
         Debug\FUpperCase.obj
         Debug\InteractiveFix.obj
         Debug\LCaseFactory.obj
         Debug\UCaseFactory.obj
         Debug\WordFix.obj
         Word Fix.vcxproj -> C:\Users\Robin\Documents\Visual Studio 2013\Projects\Word Fix\Debug\Word Fix.exe
     1>Done Building Project "C:\Users\Robin\Documents\Visual Studio 2013\Projects\Word Fix\Word Fix\Word Fix.vcxproj" (Build target(s)).

Build succeeded.

Time Elapsed 00:00:14.05
